Performing C SOURCE FILE Test CMAKE_HAVE_LIBC_PTHREAD failed with the following output:
Change Dir: /home/jeff/transform/bin2pcd/build/CMakeFiles/CMakeTmp

Run Build Command(s):/usr/bin/make cmTC_53619/fast && /usr/bin/make  -f CMakeFiles/cmTC_53619.dir/build.make CMakeFiles/cmTC_53619.dir/build
make[1]: 正在进入目录 `/home/jeff/transform/bin2pcd/build/CMakeFiles/CMakeTmp'
Building C object CMakeFiles/cmTC_53619.dir/src.c.o
/usr/bin/cc   -DCMAKE_HAVE_LIBC_PTHREAD   -o CMakeFiles/cmTC_53619.dir/src.c.o   -c /home/jeff/transform/bin2pcd/build/CMakeFiles/CMakeTmp/src.c
Linking C executable cmTC_53619
/usr/local/bin/cmake -E cmake_link_script CMakeFiles/cmTC_53619.dir/link.txt --verbose=1
/usr/bin/cc  -DCMAKE_HAVE_LIBC_PTHREAD    CMakeFiles/cmTC_53619.dir/src.c.o  -o cmTC_53619 
CMakeFiles/cmTC_53619.dir/src.c.o：在函数‘main’中：
src.c:(.text+0x2d)：对‘pthread_create’未定义的引用
src.c:(.text+0x39)：对‘pthread_detach’未定义的引用
src.c:(.text+0x4a)：对‘pthread_join’未定义的引用
src.c:(.text+0x5e)：对‘pthread_atfork’未定义的引用
collect2: error: ld returned 1 exit status
make[1]: *** [cmTC_53619] 错误 1
make[1]:正在离开目录 `/home/jeff/transform/bin2pcd/build/CMakeFiles/CMakeTmp'
make: *** [cmTC_53619/fast] 错误 2


Source file was:
#include <pthread.h>

void* test_func(void* data)
{
  return data;
}

int main(void)
{
  pthread_t thread;
  pthread_create(&thread, NULL, test_func, NULL);
  pthread_detach(thread);
  pthread_join(thread, NULL);
  pthread_atfork(NULL, NULL, NULL);
  pthread_exit(NULL);

  return 0;
}

Determining if the function pthread_create exists in the pthreads failed with the following output:
Change Dir: /home/jeff/transform/bin2pcd/build/CMakeFiles/CMakeTmp

Run Build Command(s):/usr/bin/make cmTC_e138a/fast && /usr/bin/make  -f CMakeFiles/cmTC_e138a.dir/build.make CMakeFiles/cmTC_e138a.dir/build
make[1]: 正在进入目录 `/home/jeff/transform/bin2pcd/build/CMakeFiles/CMakeTmp'
Building C object CMakeFiles/cmTC_e138a.dir/CheckFunctionExists.c.o
/usr/bin/cc   -DCHECK_FUNCTION_EXISTS=pthread_create   -o CMakeFiles/cmTC_e138a.dir/CheckFunctionExists.c.o   -c /usr/local/share/cmake-3.16/Modules/CheckFunctionExists.c
Linking C executable cmTC_e138a
/usr/local/bin/cmake -E cmake_link_script CMakeFiles/cmTC_e138a.dir/link.txt --verbose=1
/usr/bin/cc  -DCHECK_FUNCTION_EXISTS=pthread_create    CMakeFiles/cmTC_e138a.dir/CheckFunctionExists.c.o  -o cmTC_e138a  -lpthreads 
/usr/bin/ld: 找不到 -lpthreads
collect2: error: ld returned 1 exit status
make[1]: *** [cmTC_e138a] 错误 1
make[1]:正在离开目录 `/home/jeff/transform/bin2pcd/build/CMakeFiles/CMakeTmp'
make: *** [cmTC_e138a/fast] 错误 2



